<?xml version="1.0" encoding="utf-8"?>
<coverage line-rate="0.7090000000000001" branch-rate="0" version="1.9" timestamp="1748385742" lines-covered="39" lines-valid="55" branches-covered="0" branches-valid="2">
  <sources>
    <source>C:\Users\gabri\SampleBankOperations\src\</source>
  </sources>
  <packages>
    <package name="SampleBankOperations.Core" line-rate="0.40740000000000004" branch-rate="0" complexity="10">
      <classes>
        <class name="SampleBankOperations.Core.Services.Validations.AccountPredicate" filename="SampleBankOperations.Core\Validations\AccountPredicate.cs" line-rate="0" branch-rate="1" complexity="2">
          <methods>
            <method name="HasSufficientBalance" signature="(System.Decimal,System.Decimal)" line-rate="0" branch-rate="1" complexity="1">
              <lines>
                <line number="6" hits="0" branch="False" />
                <line number="7" hits="0" branch="False" />
                <line number="8" hits="0" branch="False" />
              </lines>
            </method>
            <method name="IsBalanceAboveMinimum" signature="(System.Decimal,System.Decimal)" line-rate="0" branch-rate="1" complexity="1">
              <lines>
                <line number="11" hits="0" branch="False" />
                <line number="12" hits="0" branch="False" />
                <line number="13" hits="0" branch="False" />
              </lines>
            </method>
          </methods>
          <lines>
            <line number="6" hits="0" branch="False" />
            <line number="7" hits="0" branch="False" />
            <line number="8" hits="0" branch="False" />
            <line number="11" hits="0" branch="False" />
            <line number="12" hits="0" branch="False" />
            <line number="13" hits="0" branch="False" />
          </lines>
        </class>
        <class name="SampleBankOperations.Core.Entities.Account" filename="SampleBankOperations.Core\Entities\Account.cs" line-rate="0.5238" branch-rate="0" complexity="8">
          <methods>
            <method name="get_AccountId" signature="()" line-rate="1" branch-rate="1" complexity="1">
              <lines>
                <line number="7" hits="23" branch="False" />
              </lines>
            </method>
            <method name="get_AccountNumber" signature="()" line-rate="1" branch-rate="1" complexity="1">
              <lines>
                <line number="8" hits="11" branch="False" />
              </lines>
            </method>
            <method name="get_Balance" signature="()" line-rate="1" branch-rate="1" complexity="1">
              <lines>
                <line number="9" hits="10" branch="False" />
              </lines>
            </method>
            <method name="get_AccountType" signature="()" line-rate="1" branch-rate="1" complexity="1">
              <lines>
                <line number="10" hits="9" branch="False" />
              </lines>
            </method>
            <method name="Deposit" signature="(System.Decimal)" line-rate="0" branch-rate="1" complexity="1">
              <lines>
                <line number="21" hits="0" branch="False" />
                <line number="22" hits="0" branch="False" />
                <line number="23" hits="0" branch="False" />
              </lines>
            </method>
            <method name="Withdraw" signature="(System.Decimal)" line-rate="0" branch-rate="0" complexity="2">
              <lines>
                <line number="26" hits="0" branch="False" />
                <line number="27" hits="0" branch="True" condition-coverage="0% (0/2)">
                  <conditions>
                    <condition number="15" type="jump" coverage="0%" />
                  </conditions>
                </line>
                <line number="28" hits="0" branch="False" />
                <line number="29" hits="0" branch="False" />
                <line number="30" hits="0" branch="False" />
                <line number="32" hits="0" branch="False" />
                <line number="33" hits="0" branch="False" />
              </lines>
            </method>
            <method name=".ctor" signature="(System.String,System.Decimal,SampleBankOperations.Core.Enums.AccountType)" line-rate="1" branch-rate="1" complexity="1">
              <lines>
                <line number="12" hits="9" branch="False" />
                <line number="13" hits="9" branch="False" />
                <line number="14" hits="9" branch="False" />
                <line number="15" hits="9" branch="False" />
                <line number="16" hits="9" branch="False" />
                <line number="17" hits="9" branch="False" />
                <line number="18" hits="9" branch="False" />
              </lines>
            </method>
          </methods>
          <lines>
            <line number="7" hits="23" branch="False" />
            <line number="8" hits="11" branch="False" />
            <line number="9" hits="10" branch="False" />
            <line number="10" hits="9" branch="False" />
            <line number="21" hits="0" branch="False" />
            <line number="22" hits="0" branch="False" />
            <line number="23" hits="0" branch="False" />
            <line number="26" hits="0" branch="False" />
            <line number="27" hits="0" branch="True" condition-coverage="0% (0/2)">
              <conditions>
                <condition number="15" type="jump" coverage="0%" />
              </conditions>
            </line>
            <line number="28" hits="0" branch="False" />
            <line number="29" hits="0" branch="False" />
            <line number="30" hits="0" branch="False" />
            <line number="32" hits="0" branch="False" />
            <line number="33" hits="0" branch="False" />
            <line number="12" hits="9" branch="False" />
            <line number="13" hits="9" branch="False" />
            <line number="14" hits="9" branch="False" />
            <line number="15" hits="9" branch="False" />
            <line number="16" hits="9" branch="False" />
            <line number="17" hits="9" branch="False" />
            <line number="18" hits="9" branch="False" />
          </lines>
        </class>
      </classes>
    </package>
    <package name="SampleBankOperations.Infrastructure" line-rate="1" branch-rate="1" complexity="10">
      <classes>
        <class name="SampleBankOperations.Infrastructure.Persistence.BankingDbContext" filename="SampleBankOperations.Infrastructure\Persistence\BankingDbContext.cs" line-rate="1" branch-rate="1" complexity="2">
          <methods>
            <method name="get_Accounts" signature="()" line-rate="1" branch-rate="1" complexity="1">
              <lines>
                <line number="9" hits="25" branch="False" />
              </lines>
            </method>
            <method name=".ctor" signature="()" line-rate="1" branch-rate="1" complexity="1">
              <lines>
                <line number="7" hits="11" branch="False" />
              </lines>
            </method>
          </methods>
          <lines>
            <line number="9" hits="25" branch="False" />
            <line number="7" hits="11" branch="False" />
          </lines>
        </class>
        <class name="SampleBankOperations.Infrastructure.Persistence.Repositories.AccountRepository" filename="SampleBankOperations.Infrastructure\Persistence\Repositories\AccountRepository.cs" line-rate="1" branch-rate="1" complexity="7">
          <methods>
            <method name="GetById" signature="(System.Guid)" line-rate="1" branch-rate="1" complexity="1">
              <lines>
                <line number="16" hits="2" branch="False" />
                <line number="17" hits="2" branch="False" />
                <line number="18" hits="2" branch="False" />
                <line number="19" hits="2" branch="False" />
              </lines>
            </method>
            <method name="GetAll" signature="()" line-rate="1" branch-rate="1" complexity="1">
              <lines>
                <line number="22" hits="1" branch="False" />
                <line number="23" hits="1" branch="False" />
                <line number="24" hits="1" branch="False" />
              </lines>
            </method>
            <method name="Add" signature="(SampleBankOperations.Core.Entities.Account)" line-rate="1" branch-rate="1" complexity="1">
              <lines>
                <line number="27" hits="1" branch="False" />
                <line number="28" hits="1" branch="False" />
                <line number="29" hits="1" branch="False" />
              </lines>
            </method>
            <method name="Update" signature="(SampleBankOperations.Core.Entities.Account)" line-rate="1" branch-rate="1" complexity="1">
              <lines>
                <line number="32" hits="1" branch="False" />
                <line number="33" hits="1" branch="False" />
                <line number="34" hits="1" branch="False" />
              </lines>
            </method>
            <method name="Remove" signature="(SampleBankOperations.Core.Entities.Account)" line-rate="1" branch-rate="1" complexity="1">
              <lines>
                <line number="37" hits="1" branch="False" />
                <line number="38" hits="1" branch="False" />
                <line number="39" hits="1" branch="False" />
              </lines>
            </method>
            <method name="GetByAccountNumber" signature="(System.String)" line-rate="1" branch-rate="1" complexity="1">
              <lines>
                <line number="42" hits="2" branch="False" />
                <line number="43" hits="3" branch="False" />
                <line number="44" hits="2" branch="False" />
              </lines>
            </method>
            <method name=".ctor" signature="(SampleBankOperations.Infrastructure.Persistence.BankingDbContext)" line-rate="1" branch-rate="1" complexity="1">
              <lines>
                <line number="10" hits="8" branch="False" />
                <line number="11" hits="8" branch="False" />
                <line number="12" hits="8" branch="False" />
                <line number="13" hits="8" branch="False" />
              </lines>
            </method>
          </methods>
          <lines>
            <line number="16" hits="2" branch="False" />
            <line number="17" hits="2" branch="False" />
            <line number="18" hits="2" branch="False" />
            <line number="19" hits="2" branch="False" />
            <line number="22" hits="1" branch="False" />
            <line number="23" hits="1" branch="False" />
            <line number="24" hits="1" branch="False" />
            <line number="27" hits="1" branch="False" />
            <line number="28" hits="1" branch="False" />
            <line number="29" hits="1" branch="False" />
            <line number="32" hits="1" branch="False" />
            <line number="33" hits="1" branch="False" />
            <line number="34" hits="1" branch="False" />
            <line number="37" hits="1" branch="False" />
            <line number="38" hits="1" branch="False" />
            <line number="39" hits="1" branch="False" />
            <line number="42" hits="2" branch="False" />
            <line number="43" hits="3" branch="False" />
            <line number="44" hits="2" branch="False" />
            <line number="10" hits="8" branch="False" />
            <line number="11" hits="8" branch="False" />
            <line number="12" hits="8" branch="False" />
            <line number="13" hits="8" branch="False" />
          </lines>
        </class>
        <class name="SampleBankOperations.Infrastructure.Logging.Logger" filename="SampleBankOperations.Infrastructure\Logging\Logger.cs" line-rate="1" branch-rate="1" complexity="1">
          <methods>
            <method name="Log" signature="(System.String)" line-rate="1" branch-rate="1" complexity="1">
              <lines>
                <line number="8" hits="1" branch="False" />
                <line number="9" hits="1" branch="False" />
                <line number="10" hits="1" branch="False" />
              </lines>
            </method>
          </methods>
          <lines>
            <line number="8" hits="1" branch="False" />
            <line number="9" hits="1" branch="False" />
            <line number="10" hits="1" branch="False" />
          </lines>
        </class>
      </classes>
    </package>
  </packages>
</coverage>